<?xml version="1.0" encoding="UTF-8"?>
<!-- Generated by org.testng.reporters.JUnitReportReporter -->
<testsuite hostname="DESKTOP-KME7MFV" failures="0" tests="1" name="mobile.Vitals" time="233.416" errors="1" timestamp="02 Jan 2022 10:57:26 GMT" skipped="0">
  <testcase classname="mobile.Vitals" name="NegativeScenarios" time="233.416">
    <error message="An element could not be located on the page using the given search parameters.
For documentation on this error, please visit: https://www.seleniumhq.org/exceptions/no_such_element.html
Build info: version: &#039;3.141.59&#039;, revision: &#039;e82be7d358&#039;, time: &#039;2018-11-14T08:17:03&#039;
System info: host: &#039;DESKTOP-KME7MFV&#039;, ip: &#039;172.23.160.1&#039;, os.name: &#039;Windows 10&#039;, os.arch: &#039;amd64&#039;, os.version: &#039;10.0&#039;, java.version: &#039;17&#039;
Driver info: io.appium.java_client.AppiumDriver
Capabilities {app: C:\Users\Dell\Documents\nee..., appPackage: com.ateliasoftware.patients..., autoGrantPermissions: true, automationName: UiAutomator2, databaseEnabled: false, desired: {app: C:\Users\Dell\Documents\nee..., autoGrantPermissions: true, automationName: UiAutomator2, newCommandTimeout: 2000, platformName: android, platformVersion: 9, resetKeyboard: true, testdroid_testTimeout: 2200, udid: 49746197cf40, unicodeKeyboard: true}, deviceApiLevel: 25, deviceManufacturer: Xiaomi, deviceModel: Redmi 4, deviceName: 49746197cf40, deviceScreenDensity: 320, deviceScreenSize: 720x1280, deviceUDID: 49746197cf40, javascriptEnabled: true, locationContextEnabled: false, networkConnectionEnabled: true, newCommandTimeout: 2000, pixelRatio: 2, platform: LINUX, platformName: LINUX, platformVersion: 7.1.2, resetKeyboard: true, statBarHeight: 50, takesScreenshot: true, testdroid_testTimeout: 2200, udid: 49746197cf40, unicodeKeyboard: true, viewportRect: {height: 1230, left: 0, top: 50, width: 720}, warnings: {}, webStorageEnabled: false}
Session ID: 8cf78c73-2df6-4462-a42f-ec17bcc8ea83
*** Element info: {Using=xpath, value=//android.view.View[@index=&#039;0&#039;]/android.view.View[@index=&#039;1&#039;]/android.view.View[@index=&#039;6&#039;]}" type="org.openqa.selenium.NoSuchElementException">
      <![CDATA[org.openqa.selenium.NoSuchElementException: An element could not be located on the page using the given search parameters.
For documentation on this error, please visit: https://www.seleniumhq.org/exceptions/no_such_element.html
Build info: version: '3.141.59', revision: 'e82be7d358', time: '2018-11-14T08:17:03'
System info: host: 'DESKTOP-KME7MFV', ip: '172.23.160.1', os.name: 'Windows 10', os.arch: 'amd64', os.version: '10.0', java.version: '17'
Driver info: io.appium.java_client.AppiumDriver
Capabilities {app: C:\Users\Dell\Documents\nee..., appPackage: com.ateliasoftware.patients..., autoGrantPermissions: true, automationName: UiAutomator2, databaseEnabled: false, desired: {app: C:\Users\Dell\Documents\nee..., autoGrantPermissions: true, automationName: UiAutomator2, newCommandTimeout: 2000, platformName: android, platformVersion: 9, resetKeyboard: true, testdroid_testTimeout: 2200, udid: 49746197cf40, unicodeKeyboard: true}, deviceApiLevel: 25, deviceManufacturer: Xiaomi, deviceModel: Redmi 4, deviceName: 49746197cf40, deviceScreenDensity: 320, deviceScreenSize: 720x1280, deviceUDID: 49746197cf40, javascriptEnabled: true, locationContextEnabled: false, networkConnectionEnabled: true, newCommandTimeout: 2000, pixelRatio: 2, platform: LINUX, platformName: LINUX, platformVersion: 7.1.2, resetKeyboard: true, statBarHeight: 50, takesScreenshot: true, testdroid_testTimeout: 2200, udid: 49746197cf40, unicodeKeyboard: true, viewportRect: {height: 1230, left: 0, top: 50, width: 720}, warnings: {}, webStorageEnabled: false}
Session ID: 8cf78c73-2df6-4462-a42f-ec17bcc8ea83
*** Element info: {Using=xpath, value=//android.view.View[@index='0']/android.view.View[@index='1']/android.view.View[@index='6']}
at java.base/jdk.internal.reflect.NativeConstructorAccessorImpl.newInstance0(Native Method)
at java.base/jdk.internal.reflect.NativeConstructorAccessorImpl.newInstance(NativeConstructorAccessorImpl.java:77)
at java.base/jdk.internal.reflect.DelegatingConstructorAccessorImpl.newInstance(DelegatingConstructorAccessorImpl.java:45)
at java.base/java.lang.reflect.Constructor.newInstanceWithCaller(Constructor.java:499)
at java.base/java.lang.reflect.Constructor.newInstance(Constructor.java:480)
at org.openqa.selenium.remote.http.W3CHttpResponseCodec.createException(W3CHttpResponseCodec.java:187)
at org.openqa.selenium.remote.http.W3CHttpResponseCodec.decode(W3CHttpResponseCodec.java:122)
at org.openqa.selenium.remote.http.W3CHttpResponseCodec.decode(W3CHttpResponseCodec.java:49)
at org.openqa.selenium.remote.HttpCommandExecutor.execute(HttpCommandExecutor.java:158)
at io.appium.java_client.remote.AppiumCommandExecutor.execute(AppiumCommandExecutor.java:239)
at org.openqa.selenium.remote.RemoteWebDriver.execute(RemoteWebDriver.java:552)
at io.appium.java_client.DefaultGenericMobileDriver.execute(DefaultGenericMobileDriver.java:42)
at io.appium.java_client.AppiumDriver.execute(AppiumDriver.java:1)
at org.openqa.selenium.remote.RemoteWebDriver.findElement(RemoteWebDriver.java:323)
at io.appium.java_client.DefaultGenericMobileDriver.findElement(DefaultGenericMobileDriver.java:62)
at io.appium.java_client.AppiumDriver.findElement(AppiumDriver.java:1)
at org.openqa.selenium.remote.RemoteWebDriver.findElementByXPath(RemoteWebDriver.java:428)
at io.appium.java_client.DefaultGenericMobileDriver.findElementByXPath(DefaultGenericMobileDriver.java:152)
at io.appium.java_client.AppiumDriver.findElementByXPath(AppiumDriver.java:1)
at PageObject.MonitoringVitals.Pulse.PositivePulseVitals(Pulse.java:33)
at mobile.Vitals.NegativeScenarios(Vitals.java:60)
at java.base/jdk.internal.reflect.NativeMethodAccessorImpl.invoke0(Native Method)
at java.base/jdk.internal.reflect.NativeMethodAccessorImpl.invoke(NativeMethodAccessorImpl.java:77)
at java.base/jdk.internal.reflect.DelegatingMethodAccessorImpl.invoke(DelegatingMethodAccessorImpl.java:43)
at java.base/java.lang.reflect.Method.invoke(Method.java:568)
at org.testng.internal.MethodInvocationHelper.invokeMethod(MethodInvocationHelper.java:124)
at org.testng.internal.Invoker.invokeMethod(Invoker.java:583)
at org.testng.internal.Invoker.invokeTestMethod(Invoker.java:719)
at org.testng.internal.Invoker.invokeTestMethods(Invoker.java:989)
at org.testng.internal.TestMethodWorker.invokeTestMethods(TestMethodWorker.java:125)
at org.testng.internal.TestMethodWorker.run(TestMethodWorker.java:109)
at org.testng.TestRunner.privateRun(TestRunner.java:648)
at org.testng.TestRunner.run(TestRunner.java:505)
at org.testng.SuiteRunner.runTest(SuiteRunner.java:455)
at org.testng.SuiteRunner.runSequentially(SuiteRunner.java:450)
at org.testng.SuiteRunner.privateRun(SuiteRunner.java:415)
at org.testng.SuiteRunner.run(SuiteRunner.java:364)
at org.testng.SuiteRunnerWorker.runSuite(SuiteRunnerWorker.java:52)
at org.testng.SuiteRunnerWorker.run(SuiteRunnerWorker.java:84)
at org.testng.TestNG.runSuitesSequentially(TestNG.java:1208)
at org.testng.TestNG.runSuitesLocally(TestNG.java:1137)
at org.testng.TestNG.runSuites(TestNG.java:1049)
at org.testng.TestNG.run(TestNG.java:1017)
at org.testng.remote.AbstractRemoteTestNG.run(AbstractRemoteTestNG.java:115)
at org.testng.remote.RemoteTestNG.initAndRun(RemoteTestNG.java:251)
at org.testng.remote.RemoteTestNG.main(RemoteTestNG.java:77)
]]>
    </error>
  </testcase> <!-- NegativeScenarios -->
</testsuite> <!-- mobile.Vitals -->
