<?xml version="1.0" encoding="UTF-8"?>
<!-- Generated by org.testng.reporters.JUnitReportReporter -->
<testsuite hostname="DESKTOP-KME7MFV" failures="0" tests="1" name="mobile.Login" time="100.855" errors="0" timestamp="02 Jan 2022 10:57:26 GMT" skipped="0">
  <testcase classname="mobile.Login" name="NegativeScenarios" time="100.855"/>
</testsuite> <!-- mobile.Login -->
