<?xml version="1.0" encoding="UTF-8"?>
<!-- Generated by org.testng.reporters.JUnitReportReporter -->
<testsuite hostname="DESKTOP-KME7MFV" failures="0" tests="1" name="mobile.Beforelogin" time="56.667" errors="0" timestamp="02 Jan 2022 10:57:26 GMT" skipped="0">
  <testcase classname="mobile.Beforelogin" name="NegativeScenarios" time="56.667"/>
</testsuite> <!-- mobile.Beforelogin -->
