<?xml version="1.0" encoding="UTF-8"?>
<!-- Generated by org.testng.reporters.JUnitReportReporter -->
<testsuite hostname="DESKTOP-KME7MFV" failures="0" tests="1" name="mobile.HealthRecords" time="141.501" errors="0" timestamp="02 Jan 2022 16:20:42 GMT" skipped="0">
  <testcase classname="mobile.HealthRecords" name="NegativeScenarios" time="141.501"/>
</testsuite> <!-- mobile.HealthRecords -->
